------Start of DE processing------ = [8/19/25, 3:23:56:955 EEST ]
Exception = java.lang.Exception
Source = com.ibm.ws.jaxrs20.server.component.JaxRsWebModuleInfoBuilder
probeid = 294
Stack Dump = java.lang.Exception: Found duplicated servlet mapping url, /*, with endpoint infos com.ibm.ws.jaxrs20.metadata.EndpointInfo@58e72507 and com.ibm.ws.jaxrs20.metadata.EndpointInfo@bd7621, throw exception to fail application starting.
	at com.ibm.ws.jaxrs20.server.component.JaxRsWebModuleInfoBuilder.registerEndpointInfo(JaxRsWebModuleInfoBuilder.java:342)
	at com.ibm.ws.jaxrs20.server.component.JaxRsWebModuleInfoBuilder.build(JaxRsWebModuleInfoBuilder.java:293)
	at com.ibm.ws.jaxrs20.component.JaxRsModuleMetaDataListener.extendModuleMetaData(JaxRsModuleMetaDataListener.java:108)
	at com.ibm.ws.app.manager.module.internal.SimpleDeployedAppInfoBase$ModuleContainerInfoBase.createModuleMetaData(SimpleDeployedAppInfoBase.java:231)
	at com.ibm.ws.app.manager.module.internal.SimpleDeployedAppInfoBase.preDeployApp(SimpleDeployedAppInfoBase.java:608)
	at com.ibm.ws.app.manager.module.internal.SimpleDeployedAppInfoBase.installApp(SimpleDeployedAppInfoBase.java:584)
	at com.ibm.ws.app.manager.module.internal.DeployedAppInfoBase.deployApp(DeployedAppInfoBase.java:625)
	at com.ibm.ws.app.manager.war.internal.WARApplicationHandlerImpl.install(WARApplicationHandlerImpl.java:67)
	at com.ibm.ws.app.manager.internal.statemachine.StartAction.execute(StartAction.java:199)
	at com.ibm.ws.app.manager.internal.statemachine.ApplicationStateMachineImpl.enterState(ApplicationStateMachineImpl.java:1369)
	at com.ibm.ws.app.manager.internal.statemachine.ApplicationStateMachineImpl.run(ApplicationStateMachineImpl.java:912)
	at com.ibm.ws.threading.internal.ExecutorServiceImpl$RunnableWrapper.run(ExecutorServiceImpl.java:304)
	at java.base/java.util.concurrent.ThreadPoolExecutor.runWorker(ThreadPoolExecutor.java:1144)
	at java.base/java.util.concurrent.ThreadPoolExecutor$Worker.run(ThreadPoolExecutor.java:642)
	at java.base/java.lang.Thread.run(Thread.java:1575)

Dump of callerThis
Object type = com.ibm.ws.jaxrs20.server.component.JaxRsWebModuleInfoBuilder
  tc = class com.ibm.websphere.ras.TraceComponent@44157c48
    strings[0] = "TraceComponent[com.ibm.ws.jaxrs20.server.component.JaxRsWebModuleInfoBuilder,class com.ibm.ws.jaxrs20.server.component.JaxRsWebModuleInfoBuilder,[JaxRsServer],com.ibm.ws.jaxrs20.server.internal.resources.JaxRsServerMessages,null]"
  serialVersionUID = 6845839107088740932

Dump of objectArray[0]
Object type = com.ibm.ws.webcontainer.osgi.metadata.WebModuleMetaDataImpl
  applicationMetaData = class com.ibm.ws.container.service.app.deploy.internal.ApplicationMetaDataImpl@29cc9527
    j2eeName = class com.ibm.ws.container.service.metadata.internal.J2EENameImpl@82bc692
      serialVersionUID = 7488184044073147667
      application = "demo"
      module = null
      component = null
      string = null
      j2eeNameBytes = null
      $$$tc$$$ = class com.ibm.websphere.ras.TraceComponent@25263185
    serialVersionUID = -7906531148367236579
    $$$tc$$$ = class com.ibm.websphere.ras.TraceComponent@129af113
      strings[0] = "TraceComponent[com.ibm.ws.container.service.app.deploy.internal.ApplicationMetaDataImpl,class com.ibm.ws.container.service.app.deploy.internal.ApplicationMetaDataImpl,[container.service],com.ibm.ws.container.service.resources.Messages,null]"
    tc = class com.ibm.websphere.ras.TraceComponent@3f2df8a7
    NUM_STATIC_SLOTS = 4
    ID_UNINITIALIZED = -1
    id = 6
    metaDataInterface = class java.lang.Class@13811e67
      ANNOTATION = "/* Could not access ANNOTATION */"
      ENUM = "/* Could not access ENUM */"
      SYNTHETIC = "/* Could not access SYNTHETIC */"
      cachedConstructor = "/* Could not access cachedConstructor */"
      name = "/* Could not access name */"
      module = "/* Could not access module */"
      packageName = "/* Could not access packageName */"
      componentType = "/* Could not access componentType */"
      allPermDomain = "/* Could not access allPermDomain */"
      reflectionData = "/* Could not access reflectionData */"
      classRedefinedCount = "/* Could not access classRedefinedCount */"
      genericInfo = "/* Could not access genericInfo */"
      EMPTY_CLASS_ARRAY = "/* Could not access EMPTY_CLASS_ARRAY */"
      serialVersionUID = "/* Could not access serialVersionUID */"
      serialPersistentFields = "/* Could not access serialPersistentFields */"
      reflectionFactory = "/* Could not access reflectionFactory */"
      enumConstants = "/* Could not access enumConstants */"
      enumConstantDirectory = "/* Could not access enumConstantDirectory */"
      annotationData = "/* Could not access annotationData */"
      annotationType = "/* Could not access annotationType */"
      classValueMap = "/* Could not access classValueMap */"
    staticSlots = class java.lang.Object[4]
      Object[0] = null
      Object[1] = class com.ibm.ws.injectionengine.osgi.internal.OSGiInjectionScopeData@224c93af
      Object[2] = "demo"
      Object[3] = null
    dynamicSlots = null
  j2eeName = class com.ibm.ws.container.service.metadata.internal.J2EENameImpl@29c9690f
    serialVersionUID = 7488184044073147667
    application = "demo"
    module = "demo.war"
    component = null
    string = null
    j2eeNameBytes = null
    $$$tc$$$ = class com.ibm.websphere.ras.TraceComponent@25263185
      strings[0] = "TraceComponent[com.ibm.ws.container.service.metadata.internal.J2EENameImpl,class com.ibm.ws.container.service.metadata.internal.J2EENameImpl,[Runtime],null,null]"
  wccmd = class com.ibm.ws.webcontainer.osgi.metadata.WebCollaboratorComponentMetaDataImpl@73feb7d3
    j2eeName = null
    webModuleMetaData = class com.ibm.ws.webcontainer.osgi.metadata.WebModuleMetaDataImpl@3026146d
    tc = class com.ibm.websphere.ras.TraceComponent@3f2df8a7
    NUM_STATIC_SLOTS = 4
    ID_UNINITIALIZED = -1
    id = -1
    metaDataInterface = class java.lang.Class@3f6bd033
      ANNOTATION = "/* Could not access ANNOTATION */"
      ENUM = "/* Could not access ENUM */"
      SYNTHETIC = "/* Could not access SYNTHETIC */"
      cachedConstructor = "/* Could not access cachedConstructor */"
      name = "/* Could not access name */"
      module = "/* Could not access module */"
      packageName = "/* Could not access packageName */"
      componentType = "/* Could not access componentType */"
      allPermDomain = "/* Could not access allPermDomain */"
      reflectionData = "/* Could not access reflectionData */"
      classRedefinedCount = "/* Could not access classRedefinedCount */"
      genericInfo = "/* Could not access genericInfo */"
      EMPTY_CLASS_ARRAY = "/* Could not access EMPTY_CLASS_ARRAY */"
      serialVersionUID = "/* Could not access serialVersionUID */"
      serialPersistentFields = "/* Could not access serialPersistentFields */"
      reflectionFactory = "/* Could not access reflectionFactory */"
      enumConstants = "/* Could not access enumConstants */"
      enumConstantDirectory = "/* Could not access enumConstantDirectory */"
      annotationData = "/* Could not access annotationData */"
      annotationType = "/* Could not access annotationType */"
      classValueMap = "/* Could not access classValueMap */"
    staticSlots = class java.lang.Object[4]
      Object[0] = null
      Object[1] = null
      Object[2] = null
      Object[3] = null
    dynamicSlots = null
  securityMetaData = class com.ibm.ws.webcontainer.security.metadata.SecurityServletConfiguratorHelper@62c8fd3c
    AUTH_METHOD_KEY = "auth-method"
    FORM_LOGIN_CONFIG_KEY = "form-login-config"
    REALM_NAME_KEY = "realm-name"
    LOGIN_CONFIG_KEY = "login-config"
    RUN_AS_KEY = "run-as"
    SERVLET_NAME_KEY = "servlet-name"
    SERVLET_KEY = "servlet"
    SECURITY_CONSTRAINT_KEY = "security-constraint"
    AUTH_CONSTRAINT_KEY = "auth-constraint"
    USER_DATA_CONSTRAINT_KEY = "user-data-constraint"
    DENY_UNCOVERED_HTTP_METHODS_KEY = "deny-uncovered-http-methods"
    SYNC_TO_OS_THREAD_ENV_ENTRY_KEY = "com.ibm.websphere.security.SyncToOSThread"
    ROLES_ALLOWED = "javax.annotation.security.RolesAllowed"
    tc = class com.ibm.websphere.ras.TraceComponent@4e68e327
      strings[0] = "TraceComponent[com.ibm.ws.webcontainer.security.metadata.SecurityServletConfiguratorHelper,class com.ibm.ws.webcontainer.security.metadata.SecurityServletConfiguratorHelper,[WebAppSecurity],com.ibm.ws.webcontainer.security.resources.WebAppSecurityMessages,null]"
    configurator = null
    ALL_ROLES_MARKER = "*"
    securityConstraintCollection = null
    loginConfiguration = class com.ibm.ws.webcontainer.security.metadata.LoginConfigurationImpl@54bab1ac
      CLIENT_CERT_AUTH_METHOD = "CLIENT-CERT"
      authenticationMethod = "BASIC"
      realmName = null
      formLoginConfiguration = null
      authenticationMethodDefaulted = true
      serialVersionUID = 8487943836946016313
      $$$tc$$$ = class com.ibm.websphere.ras.TraceComponent@550b2c92
    allRoles = class java.util.ArrayList@5ddd1e5f
      serialVersionUID = "/* Could not access serialVersionUID */"
      DEFAULT_CAPACITY = "/* Could not access DEFAULT_CAPACITY */"
      EMPTY_ELEMENTDATA = "/* Could not access EMPTY_ELEMENTDATA */"
      DEFAULTCAPACITY_EMPTY_ELEMENTDATA = "/* Could not access DEFAULTCAPACITY_EMPTY_ELEMENTDATA */"
      elementData = "/* Could not access elementData */"
      size = "/* Could not access size */"
      modCount = "/* Could not access modCount */"
    securityRoleRefsByServlet = class java.util.HashMap@2707d1a2
      serialVersionUID = "/* Could not access serialVersionUID */"
      DEFAULT_INITIAL_CAPACITY = "/* Could not access DEFAULT_INITIAL_CAPACITY */"
      MAXIMUM_CAPACITY = "/* Could not access MAXIMUM_CAPACITY */"
      DEFAULT_LOAD_FACTOR = "/* Could not access DEFAULT_LOAD_FACTOR */"
      TREEIFY_THRESHOLD = "/* Could not access TREEIFY_THRESHOLD */"
      UNTREEIFY_THRESHOLD = "/* Could not access UNTREEIFY_THRESHOLD */"
      MIN_TREEIFY_CAPACITY = "/* Could not access MIN_TREEIFY_CAPACITY */"
      table = "/* Could not access table */"
      entrySet = "/* Could not access entrySet */"
      size = "/* Could not access size */"
      modCount = "/* Could not access modCount */"
      threshold = "/* Could not access threshold */"
      loadFactor = "/* Could not access loadFactor */"
      keySet = "/* Could not access keySet */"
      values = "/* Could not access values */"
    urlPatternToServletName = class java.util.HashMap@7c64a9b3
      serialVersionUID = "/* Could not access serialVersionUID */"
      DEFAULT_INITIAL_CAPACITY = "/* Could not access DEFAULT_INITIAL_CAPACITY */"
      MAXIMUM_CAPACITY = "/* Could not access MAXIMUM_CAPACITY */"
      DEFAULT_LOAD_FACTOR = "/* Could not access DEFAULT_LOAD_FACTOR */"
      TREEIFY_THRESHOLD = "/* Could not access TREEIFY_THRESHOLD */"
      UNTREEIFY_THRESHOLD = "/* Could not access UNTREEIFY_THRESHOLD */"
      MIN_TREEIFY_CAPACITY = "/* Could not access MIN_TREEIFY_CAPACITY */"
      table = "/* Could not access table */"
      entrySet = "/* Could not access entrySet */"
      size = "/* Could not access size */"
      modCount = "/* Could not access modCount */"
      threshold = "/* Could not access threshold */"
      loadFactor = "/* Could not access loadFactor */"
      keySet = "/* Could not access keySet */"
      values = "/* Could not access values */"
    servletNameToRunAsRole = class java.util.HashMap@7d524042
      serialVersionUID = "/* Could not access serialVersionUID */"
      DEFAULT_INITIAL_CAPACITY = "/* Could not access DEFAULT_INITIAL_CAPACITY */"
      MAXIMUM_CAPACITY = "/* Could not access MAXIMUM_CAPACITY */"
      DEFAULT_LOAD_FACTOR = "/* Could not access DEFAULT_LOAD_FACTOR */"
      TREEIFY_THRESHOLD = "/* Could not access TREEIFY_THRESHOLD */"
      UNTREEIFY_THRESHOLD = "/* Could not access UNTREEIFY_THRESHOLD */"
      MIN_TREEIFY_CAPACITY = "/* Could not access MIN_TREEIFY_CAPACITY */"
      table = "/* Could not access table */"
      entrySet = "/* Could not access entrySet */"
      size = "/* Could not access size */"
      modCount = "/* Could not access modCount */"
      threshold = "/* Could not access threshold */"
      loadFactor = "/* Could not access loadFactor */"
      keySet = "/* Could not access keySet */"
      values = "/* Could not access values */"
    syncToOSThread = false
    denyUncoveredHttpMethods = false
    serialVersionUID = 3937804347548930695
  annotatedSecurityMetaData = null
  webAppConfig = class com.ibm.ws.webcontainer.osgi.webapp.WebAppConfiguration@2fe029ef
    webModuleMetaData = class com.ibm.ws.webcontainer.osgi.metadata.WebModuleMetaDataImpl@3026146d
    webComponentMetaData = class com.ibm.ws.webcontainer.osgi.metadata.WebComponentMetaDataImpl@73b74014
      j2eeName = null
      webModuleMetaData = class com.ibm.ws.webcontainer.osgi.metadata.WebModuleMetaDataImpl@3026146d
      mBeanServiceReg = null
      tc = class com.ibm.websphere.ras.TraceComponent@3f2df8a7
      NUM_STATIC_SLOTS = 4
      ID_UNINITIALIZED = -1
      id = -1
      metaDataInterface = class java.lang.Class@3f6bd033
      staticSlots = class java.lang.Object[4]
      dynamicSlots = null
    dVirtualHost = null
    orderedLibPaths = class java.util.Collections$UnmodifiableRandomAccessList@d523aa5
      serialVersionUID = "/* Could not access serialVersionUID */"
      serialVersionUID = "/* Could not access serialVersionUID */"
      list = "/* Could not access list */"
      serialVersionUID = "/* Could not access serialVersionUID */"
      c = "/* Could not access c */"
    bundleHeaders = null
    cdiEnabled = false
    CLASS_NAME = "com.ibm.ws.webcontainer.webapp.WebAppConfiguration"
    logger = class com.ibm.ws.logging.internal.WsLogger@573cd320
      ivCachedResourceBundleName = null
      ivCachedResourceBundle = null
      ivComponent = null
      ivOrganization = null
      ivProduct = null
      ivMinimumLocalizationLevelIntValue = 625
      ivTC = class com.ibm.websphere.ras.TraceComponent@76a83e88
      loggerRegistrationComponent = class java.lang.ThreadLocal@3bd197fd
      emptyHandlers = "/* Could not access emptyHandlers */"
      offValue = "/* Could not access offValue */"
      SYSTEM_LOGGER_RB_NAME = "/* Could not access SYSTEM_LOGGER_RB_NAME */"
      SYSTEM_BUNDLE = "/* Could not access SYSTEM_BUNDLE */"
      NO_RESOURCE_BUNDLE = "/* Could not access NO_RESOURCE_BUNDLE */"
      config = "/* Could not access config */"
      manager = "/* Could not access manager */"
      name = "/* Could not access name */"
      loggerBundle = "/* Could not access loggerBundle */"
      anonymous = "/* Could not access anonymous */"
      catalogRef = "/* Could not access catalogRef */"
      catalogName = "/* Could not access catalogName */"
      catalogLocale = "/* Could not access catalogLocale */"
      treeLock = "/* Could not access treeLock */"
      parent = "/* Could not access parent */"
      kids = "/* Could not access kids */"
      callerModuleRef = "/* Could not access callerModuleRef */"
      isSystemLogger = "/* Could not access isSystemLogger */"
      GLOBAL_LOGGER_NAME = "global"
      global = class java.util.logging.Logger@6149f808
    tc = class com.ibm.websphere.ras.TraceComponent@1b7a46f9
      strings[0] = "TraceComponent[com.ibm.ws.webcontainer.webapp.WebAppConfiguration,class com.ibm.ws.webcontainer.webapp.WebAppConfiguration,[webcontainer],com.ibm.ws.webcontainer.resources.LShimMessages,null]"
    nls = class com.ibm.ejs.ras.TraceNLS@5853729a
      resolver = class com.ibm.ws.logging.internal.TraceNLSResolver@3de80c91
      finder = class com.ibm.ws.logging.internal.StackFinder@6428eb99
      ivBundleName = "com.ibm.ws.webcontainer.resources.Messages"
      caller = class java.lang.Class@1156a39c
    version = 30
    contextRoot = "/"
    isDefaultContextRootUsed = false
    sessionTimeout = 0
    moduleSessionTimeoutSet = false
    moduleSessionTrackingModeSet = false
    sessionCookieConfig = null
    hasProgrammaticCookieConfig = false
    sessionDefaultTrackingModeSet = null
    sessionManagerConfig = null
    displayName = "demo"
    description = null
    reloadInterval = 0
    distributable = false
    denyUncoveredHttpMethods = false
    reloadingEnabled = false
    serveServletsByClassnameEnabled = null
    defaultErrorPage = null
    additionalClassPath = null
    fileServingEnabled = null
    directoryBrowsingEnabled = null
    autoRequestEncoding = false
    autoResponseEncoding = false
    autoLoadFilters = false
    requestListeners = null
    requestAttributeListeners = null
    sessionListeners = null
    localeMap = null
    moduleName = "demo"
    j2eeModuleName = "demo.war"
    moduleId = null
    isSyncToThreadEnabled = false
    encodeDispatchedRequestURI = false
    isSystemApp = false
    ardEnabled = false
    ardDispatchType = null
    listeners = class java.util.ArrayList@4448ec27
      serialVersionUID = "/* Could not access serialVersionUID */"
      DEFAULT_CAPACITY = "/* Could not access DEFAULT_CAPACITY */"
      EMPTY_ELEMENTDATA = "/* Could not access EMPTY_ELEMENTDATA */"
      DEFAULTCAPACITY_EMPTY_ELEMENTDATA = "/* Could not access DEFAULTCAPACITY_EMPTY_ELEMENTDATA */"
      elementData = "/* Could not access elementData */"
      size = "/* Could not access size */"
      modCount = "/* Could not access modCount */"
    welcomeFileList = class java.util.ArrayList@75dc825d
      serialVersionUID = "/* Could not access serialVersionUID */"
      DEFAULT_CAPACITY = "/* Could not access DEFAULT_CAPACITY */"
      EMPTY_ELEMENTDATA = "/* Could not access EMPTY_ELEMENTDATA */"
      DEFAULTCAPACITY_EMPTY_ELEMENTDATA = "/* Could not access DEFAULTCAPACITY_EMPTY_ELEMENTDATA */"
      elementData = "/* Could not access elementData */"
      size = "/* Could not access size */"
      modCount = "/* Could not access modCount */"
    servletMappings = class java.util.HashMap@db364c2
      serialVersionUID = "/* Could not access serialVersionUID */"
      DEFAULT_INITIAL_CAPACITY = "/* Could not access DEFAULT_INITIAL_CAPACITY */"
      MAXIMUM_CAPACITY = "/* Could not access MAXIMUM_CAPACITY */"
      DEFAULT_LOAD_FACTOR = "/* Could not access DEFAULT_LOAD_FACTOR */"
      TREEIFY_THRESHOLD = "/* Could not access TREEIFY_THRESHOLD */"
      UNTREEIFY_THRESHOLD = "/* Could not access UNTREEIFY_THRESHOLD */"
      MIN_TREEIFY_CAPACITY = "/* Could not access MIN_TREEIFY_CAPACITY */"
      table = "/* Could not access table */"
      entrySet = "/* Could not access entrySet */"
      size = "/* Could not access size */"
      modCount = "/* Could not access modCount */"
      threshold = "/* Could not access threshold */"
      loadFactor = "/* Could not access loadFactor */"
      keySet = "/* Could not access keySet */"
      values = "/* Could not access values */"
    lastIndexBeforeDeclaredFilters = 0
    filterMappings = class java.util.ArrayList@4eb7004c
      serialVersionUID = "/* Could not access serialVersionUID */"
      DEFAULT_CAPACITY = "/* Could not access DEFAULT_CAPACITY */"
      EMPTY_ELEMENTDATA = "/* Could not access EMPTY_ELEMENTDATA */"
      DEFAULTCAPACITY_EMPTY_ELEMENTDATA = "/* Could not access DEFAULTCAPACITY_EMPTY_ELEMENTDATA */"
      elementData = "/* Could not access elementData */"
      size = "/* Could not access size */"
      modCount = "/* Could not access modCount */"
    servletInfo = class java.util.concurrent.ConcurrentHashMap@4d1de469
      serialVersionUID = "/* Could not access serialVersionUID */"
      MAXIMUM_CAPACITY = "/* Could not access MAXIMUM_CAPACITY */"
      DEFAULT_CAPACITY = "/* Could not access DEFAULT_CAPACITY */"
      MAX_ARRAY_SIZE = "/* Could not access MAX_ARRAY_SIZE */"
      DEFAULT_CONCURRENCY_LEVEL = "/* Could not access DEFAULT_CONCURRENCY_LEVEL */"
      LOAD_FACTOR = "/* Could not access LOAD_FACTOR */"
      TREEIFY_THRESHOLD = "/* Could not access TREEIFY_THRESHOLD */"
      UNTREEIFY_THRESHOLD = "/* Could not access UNTREEIFY_THRESHOLD */"
      MIN_TREEIFY_CAPACITY = "/* Could not access MIN_TREEIFY_CAPACITY */"
      MIN_TRANSFER_STRIDE = "/* Could not access MIN_TRANSFER_STRIDE */"
      RESIZE_STAMP_BITS = "/* Could not access RESIZE_STAMP_BITS */"
      MAX_RESIZERS = "/* Could not access MAX_RESIZERS */"
      RESIZE_STAMP_SHIFT = "/* Could not access RESIZE_STAMP_SHIFT */"
      MOVED = "/* Could not access MOVED */"
      TREEBIN = "/* Could not access TREEBIN */"
      RESERVED = "/* Could not access RESERVED */"
      HASH_BITS = "/* Could not access HASH_BITS */"
      NCPU = "/* Could not access NCPU */"
      serialPersistentFields = "/* Could not access serialPersistentFields */"
      table = "/* Could not access table */"
      nextTable = "/* Could not access nextTable */"
      baseCount = "/* Could not access baseCount */"
      sizeCtl = "/* Could not access sizeCtl */"
      transferIndex = "/* Could not access transferIndex */"
      cellsBusy = "/* Could not access cellsBusy */"
      counterCells = "/* Could not access counterCells */"
      keySet = "/* Could not access keySet */"
      values = "/* Could not access values */"
      entrySet = "/* Could not access entrySet */"
      U = "/* Could not access U */"
      SIZECTL = "/* Could not access SIZECTL */"
      TRANSFERINDEX = "/* Could not access TRANSFERINDEX */"
      BASECOUNT = "/* Could not access BASECOUNT */"
      CELLSBUSY = "/* Could not access CELLSBUSY */"
      CELLVALUE = "/* Could not access CELLVALUE */"
      ABASE = "/* Could not access ABASE */"
      ASHIFT = "/* Could not access ASHIFT */"
      keySet = "/* Could not access keySet */"
      values = "/* Could not access values */"
    filterInfo = class java.util.HashMap@5cc249fd
      serialVersionUID = "/* Could not access serialVersionUID */"
      DEFAULT_INITIAL_CAPACITY = "/* Could not access DEFAULT_INITIAL_CAPACITY */"
      MAXIMUM_CAPACITY = "/* Could not access MAXIMUM_CAPACITY */"
      DEFAULT_LOAD_FACTOR = "/* Could not access DEFAULT_LOAD_FACTOR */"
      TREEIFY_THRESHOLD = "/* Could not access TREEIFY_THRESHOLD */"
      UNTREEIFY_THRESHOLD = "/* Could not access UNTREEIFY_THRESHOLD */"
      MIN_TREEIFY_CAPACITY = "/* Could not access MIN_TREEIFY_CAPACITY */"
      table = "/* Could not access table */"
      entrySet = "/* Could not access entrySet */"
      size = "/* Could not access size */"
      modCount = "/* Could not access modCount */"
      threshold = "/* Could not access threshold */"
      loadFactor = "/* Could not access loadFactor */"
      keySet = "/* Could not access keySet */"
      values = "/* Could not access values */"
    mimeMappings = class java.util.HashMap@4ac1a3d3
      serialVersionUID = "/* Could not access serialVersionUID */"
      DEFAULT_INITIAL_CAPACITY = "/* Could not access DEFAULT_INITIAL_CAPACITY */"
      MAXIMUM_CAPACITY = "/* Could not access MAXIMUM_CAPACITY */"
      DEFAULT_LOAD_FACTOR = "/* Could not access DEFAULT_LOAD_FACTOR */"
      TREEIFY_THRESHOLD = "/* Could not access TREEIFY_THRESHOLD */"
      UNTREEIFY_THRESHOLD = "/* Could not access UNTREEIFY_THRESHOLD */"
      MIN_TREEIFY_CAPACITY = "/* Could not access MIN_TREEIFY_CAPACITY */"
      table = "/* Could not access table */"
      entrySet = "/* Could not access entrySet */"
      size = "/* Could not access size */"
      modCount = "/* Could not access modCount */"
      threshold = "/* Could not access threshold */"
      loadFactor = "/* Could not access loadFactor */"
      keySet = "/* Could not access keySet */"
      values = "/* Could not access values */"
    mimeFilters = null
    isMimeFilteringEnabled = false
    theWebGroup = null
    jspAttributes = null
    fileServingAttributes = class java.util.HashMap@3c026fa7
      serialVersionUID = "/* Could not access serialVersionUID */"
      DEFAULT_INITIAL_CAPACITY = "/* Could not access DEFAULT_INITIAL_CAPACITY */"
      MAXIMUM_CAPACITY = "/* Could not access MAXIMUM_CAPACITY */"
      DEFAULT_LOAD_FACTOR = "/* Could not access DEFAULT_LOAD_FACTOR */"
      TREEIFY_THRESHOLD = "/* Could not access TREEIFY_THRESHOLD */"
      UNTREEIFY_THRESHOLD = "/* Could not access UNTREEIFY_THRESHOLD */"
      MIN_TREEIFY_CAPACITY = "/* Could not access MIN_TREEIFY_CAPACITY */"
      table = "/* Could not access table */"
      entrySet = "/* Could not access entrySet */"
      size = "/* Could not access size */"
      modCount = "/* Could not access modCount */"
      threshold = "/* Could not access threshold */"
      loadFactor = "/* Could not access loadFactor */"
      keySet = "/* Could not access keySet */"
      values = "/* Could not access values */"
    invokerAttributes = class java.util.HashMap@1e9eeae2
      serialVersionUID = "/* Could not access serialVersionUID */"
      DEFAULT_INITIAL_CAPACITY = "/* Could not access DEFAULT_INITIAL_CAPACITY */"
      MAXIMUM_CAPACITY = "/* Could not access MAXIMUM_CAPACITY */"
      DEFAULT_LOAD_FACTOR = "/* Could not access DEFAULT_LOAD_FACTOR */"
      TREEIFY_THRESHOLD = "/* Could not access TREEIFY_THRESHOLD */"
      UNTREEIFY_THRESHOLD = "/* Could not access UNTREEIFY_THRESHOLD */"
      MIN_TREEIFY_CAPACITY = "/* Could not access MIN_TREEIFY_CAPACITY */"
      table = "/* Could not access table */"
      entrySet = "/* Could not access entrySet */"
      size = "/* Could not access size */"
      modCount = "/* Could not access modCount */"
      threshold = "/* Could not access threshold */"
      loadFactor = "/* Could not access loadFactor */"
      keySet = "/* Could not access keySet */"
      values = "/* Could not access values */"
    contextParams = class java.util.HashMap@505dc56d
      serialVersionUID = "/* Could not access serialVersionUID */"
      DEFAULT_INITIAL_CAPACITY = "/* Could not access DEFAULT_INITIAL_CAPACITY */"
      MAXIMUM_CAPACITY = "/* Could not access MAXIMUM_CAPACITY */"
      DEFAULT_LOAD_FACTOR = "/* Could not access DEFAULT_LOAD_FACTOR */"
      TREEIFY_THRESHOLD = "/* Could not access TREEIFY_THRESHOLD */"
      UNTREEIFY_THRESHOLD = "/* Could not access UNTREEIFY_THRESHOLD */"
      MIN_TREEIFY_CAPACITY = "/* Could not access MIN_TREEIFY_CAPACITY */"
      table = "/* Could not access table */"
      entrySet = "/* Could not access entrySet */"
      size = "/* Could not access size */"
      modCount = "/* Could not access modCount */"
      threshold = "/* Could not access threshold */"
      loadFactor = "/* Could not access loadFactor */"
      keySet = "/* Could not access keySet */"
      values = "/* Could not access values */"
    virtualHost = null
    exceptionErrorPages = class java.util.HashMap@17452b8e
      serialVersionUID = "/* Could not access serialVersionUID */"
      DEFAULT_INITIAL_CAPACITY = "/* Could not access DEFAULT_INITIAL_CAPACITY */"
      MAXIMUM_CAPACITY = "/* Could not access MAXIMUM_CAPACITY */"
      DEFAULT_LOAD_FACTOR = "/* Could not access DEFAULT_LOAD_FACTOR */"
      TREEIFY_THRESHOLD = "/* Could not access TREEIFY_THRESHOLD */"
      UNTREEIFY_THRESHOLD = "/* Could not access UNTREEIFY_THRESHOLD */"
      MIN_TREEIFY_CAPACITY = "/* Could not access MIN_TREEIFY_CAPACITY */"
      table = "/* Could not access table */"
      entrySet = "/* Could not access entrySet */"
      size = "/* Could not access size */"
      modCount = "/* Could not access modCount */"
      threshold = "/* Could not access threshold */"
      loadFactor = "/* Could not access loadFactor */"
      keySet = "/* Could not access keySet */"
      values = "/* Could not access values */"
    codeErrorPages = class java.util.HashMap@38951196
      serialVersionUID = "/* Could not access serialVersionUID */"
      DEFAULT_INITIAL_CAPACITY = "/* Could not access DEFAULT_INITIAL_CAPACITY */"
      MAXIMUM_CAPACITY = "/* Could not access MAXIMUM_CAPACITY */"
      DEFAULT_LOAD_FACTOR = "/* Could not access DEFAULT_LOAD_FACTOR */"
      TREEIFY_THRESHOLD = "/* Could not access TREEIFY_THRESHOLD */"
      UNTREEIFY_THRESHOLD = "/* Could not access UNTREEIFY_THRESHOLD */"
      MIN_TREEIFY_CAPACITY = "/* Could not access MIN_TREEIFY_CAPACITY */"
      table = "/* Could not access table */"
      entrySet = "/* Could not access entrySet */"
      size = "/* Could not access size */"
      modCount = "/* Could not access modCount */"
      threshold = "/* Could not access threshold */"
      loadFactor = "/* Could not access loadFactor */"
      keySet = "/* Could not access keySet */"
      values = "/* Could not access values */"
    tagLibList = null
    precompileJsps = false
    webApp = class com.ibm.ws.webcontainer40.osgi.webapp.WebApp40@51b5259c
      tc = class com.ibm.websphere.ras.TraceComponent@5ae664e
      servlet40NLS = class com.ibm.ejs.ras.TraceNLS@461c19b
      CLASS_NAME = "com.ibm.ws.webcontainer40.osgi.webapp.WebApp40"
      defaultSessionTimeout = 30
      tc = class com.ibm.websphere.ras.TraceComponent@2f39bed
      CLASS_NAME = "com.ibm.ws.webcontainer31.osgi.webapp.WebApp31"
      servlet31NLS = class com.ibm.ejs.ras.TraceNLS@3aaa2250
      validListenerClasses = class java.lang.Class[7]
      wsocServHandler = null
      tc = class com.ibm.websphere.ras.TraceComponent@15a801f3
      CLASS_NAME = "com.ibm.ws.webcontainer.osgi.webapp.WebApp"
      metaDataService = class com.ibm.ws.container.service.metadata.internal.MetaDataServiceImpl@3451540b
      namespacePopulated = false
      referenceContext = class com.ibm.ws.injectionengine.osgi.internal.OSGiReferenceContextImpl@66793fa6
      j2eeNameFactory = class com.ibm.ws.container.service.metadata.internal.J2EENameFactoryImpl@94dded
      moduleLoader = class com.ibm.ws.classloading.internal.AppClassLoader@7206f806
      webAppConfig = class com.ibm.ws.webcontainer.osgi.webapp.WebAppConfiguration@2fe029ef
      extensionProcessingDisabled = false
      managedObjectService = class com.ibm.ws.cdi.impl.managedobject.CDIManagedObjectService@3e5b30f8
      internalServletMetaData = interface com.ibm.wsspi.webcontainer.metadata.WebComponentMetaData[2]
      loginProcessor = null
      logoutProcessor = null
      collabHelper = null
      envObject = class com.ibm.ws.util.WSThreadLocal@7e4a0ad6
      orderedLibPaths = class java.util.Collections$UnmodifiableRandomAccessList@d523aa5
      perm = class com.ibm.websphere.security.WebSphereRuntimePermission@4e3f27e7
      WELCOME_FILE_LIST = "com.ibm.ws.webcontainer.config.WelcomeFileList"
      DIR_BROWSING_MAPPING = "__dirBrowsing__1755563036337"
      FILTER_PROXY_MAPPING = "/__filterProxy__1755563036337"
      logger = class com.ibm.ws.logging.internal.WsLogger@573cd320
      CLASS_NAME = "com.ibm.ws.webcontainer.webapp.WebApp"
      loader = null
      facade = null
      features = class java.util.ArrayList@5a12a2ab
      applicationName = null
      config = class com.ibm.ws.webcontainer.osgi.webapp.WebAppConfiguration@2fe029ef
      securityEnabledForApp = null
      webExtensionProcessor = null
      production = true
      isServlet23 = false
      contextPath = null
      internalServletList = class [Ljava.lang.String;[2]
      BY_NAME_ONLY = "/_1755563036908_/"
      filterManager = null
      documentRoot = null
      SERVLET_API_VERSION = "Servlet 2.5"
      disableServletAuditLogging = -1
      serverInfo = null
      sessionCtx = null
      eventSource = class com.ibm.ws.webcontainer.webapp.WebAppEventSource@2850a66d
      nls = class com.ibm.ejs.ras.TraceNLS@1f67ac9f
      liberty_nls = class com.ibm.ejs.ras.TraceNLS@50af4222
      error_nls = class com.ibm.ejs.ras.TraceNLS@465d4402
      sessionListeners = class java.util.ArrayList@6b13e16a
      sessionIdListeners = class java.util.ArrayList@49b2bbc3
      sessionAttrListeners = class java.util.ArrayList@63264e85
      addedSessionListeners = class java.util.ArrayList@4ff77bb7
      addedSessionAttrListeners = class java.util.ArrayList@3b1bdb92
      servletContextListeners = class java.util.ArrayList@672b0391
      servletContextLAttrListeners = class java.util.ArrayList@36a82b97
      servletRequestListeners = class java.util.ArrayList@4276c436
      servletRequestLAttrListeners = class java.util.ArrayList@27d450a1
      prependSlashToResource = false
      destroyed = false
      webAppNameSpaceCollab = null
      txCollab = null
      sessionActivationListeners = class java.util.ArrayList@185cf841
      sessionBindingListeners = class java.util.ArrayList@6fdf9c4e
      scratchdir = null
      jspClassLoaderLimit = 0
      jspClassLoaderExclusionList = null
      jspClassLoadersMap = null
      jspClassLoaderLimitTrackIF = false
      defaultExtProc = null
      directoryBrowsingServlet = null
      cdiContexts = class java.util.concurrent.ConcurrentHashMap@61c9d515
      moduleConfig = null
      extensionFactories = null
      initialized = false
      lock = class com.ibm.ws.webcontainer.webapp.WebApp$1@7267188e
      afterServletContextCreated = false
      redirectContextRoot = false
      errorExceptionTypeFirst = false
      initFilterBeforeServletInit = false
      SET_400_SC_ON_TOO_MANY_PARENT_DIRS = false
      sortedServletConfigs = null
      effectiveMajorVersion = 0
      effectiveMinorVersion = 0
      canAddServletContextListener = true
      withinContextInitOfProgAddListener = false
      lastProgAddListenerInitialized = null
      webInfLibClassloader = null
      metaInfCache = class com.ibm.ws.webcontainer.webapp.WebApp$2@cf2773f
      hasSlashStarMapping = false
      useMetaInfCache = true
      SUN_CONFIGURE_LISTENER_CLASSNAME = "com.sun.faces.config.ConfigureListener"
      MYFACES_LIFECYCLE_LISTENER_CLASSNAME = "org.apache.myfaces.webapp.StartupServletContextListener"
      JSF_IMPL_ENABLED_PARAM = "com.ibm.ws.jsf.JSF_IMPL_ENABLED"
      JSF_IMPL_ENABLED_CUSTOM = "Custom"
      JSF_IMPL_ENABLED_NONE = "None"
      staticDocRoot = null
      jspDocRoot = null
      container = class com.ibm.ws.adaptable.module.internal.AdaptableContainerImpl@3065bfa1
      metaInfResourceFinder = class com.ibm.ws.webcontainer.util.MetaInfResourceFinder@57c23de0
      postConstructMethods = class com.ibm.ws.webcontainer.webapp.WebApp$AnnotatedMethods@780c3b70
      preDestroyMethods = class com.ibm.ws.webcontainer.webapp.WebApp$AnnotatedMethods@32e5ff97
      OBJ_EMPTY = class java.lang.Object[0]
      CLASS_EMPTY = class java.lang.Class[0]
      checkpointPhase = class io.openliberty.checkpoint.spi.CheckpointPhase@2db13d7b
      DEFAULT_JSP_EXTENSIONS = class java.util.ArrayList@6b5a2810
      DEFER_SERVLET_REQUEST_LISTENER_DESTROY_ON_ERROR = false
      DO_ACCEPT_PARTIAL = true
      DO_NOT_ACCEPT_PARTIAL = false
      DO_ACCEPT_EXCLUDED = true
      DO_NOT_ACCEPT_EXCLUDED = false
      commands = class java.util.ArrayList@729459b0
      requestMapper = class com.ibm.wsspi.webcontainer.util.URIMapper@6f901932
      parent = null
      name = "demo"
      isAlive = true
      subElements = null
      attributes = class java.util.concurrent.ConcurrentHashMap@4b6ebb5e
      config = null
      serialVersionUID = -8271459000149267764
      $$$tc$$$ = class com.ibm.websphere.ras.TraceComponent@4b0bff93
    virtualHostList = class java.util.Collections$EmptyList@6f7de46a
      serialVersionUID = "/* Could not access serialVersionUID */"
      modCount = "/* Could not access modCount */"
    appStartupWeight = 0
    moduleStartupWeight = 0
    metaDataComplete = false
    classesToScan = class java.util.ArrayList@51daab50
      serialVersionUID = "/* Could not access serialVersionUID */"
      DEFAULT_CAPACITY = "/* Could not access DEFAULT_CAPACITY */"
      EMPTY_ELEMENTDATA = "/* Could not access EMPTY_ELEMENTDATA */"
      DEFAULTCAPACITY_EMPTY_ELEMENTDATA = "/* Could not access DEFAULTCAPACITY_EMPTY_ELEMENTDATA */"
      elementData = "/* Could not access elementData */"
      size = "/* Could not access size */"
      modCount = "/* Could not access modCount */"
    uriFilterMappingInfos = null
    servletFilterMappingInfos = null
    dynamicServletRegistrationMap = null
    applicationName = "demo"
    libBinPathList = null
    webXmlDefinedListeners = class java.util.HashSet@4153095c
      serialVersionUID = "/* Could not access serialVersionUID */"
      map = "/* Could not access map */"
      PRESENT = "/* Could not access PRESENT */"
    allRefs = class java.util.EnumMap@39b25d2f
      keyType = "/* Could not access keyType */"
      keyUniverse = "/* Could not access keyUniverse */"
      vals = "/* Could not access vals */"
      size = "/* Could not access size */"
      NULL = "/* Could not access NULL */"
      entrySet = "/* Could not access entrySet */"
      serialVersionUID = "/* Could not access serialVersionUID */"
      keySet = "/* Could not access keySet */"
      values = "/* Could not access values */"
    allRefBindings = class java.util.EnumMap@396cb0c7
      keyType = "/* Could not access keyType */"
      keyUniverse = "/* Could not access keyUniverse */"
      vals = "/* Could not access vals */"
      size = "/* Could not access size */"
      NULL = "/* Could not access NULL */"
      entrySet = "/* Could not access entrySet */"
      serialVersionUID = "/* Could not access serialVersionUID */"
      keySet = "/* Could not access keySet */"
      values = "/* Could not access values */"
    envEntryValues = null
    resourceRefConfigList = null
    disallowAllFileServingProp = "false"
    disallowServeServletsByClassnameProp = "true"
    disableStaticMappingCache = false
    jspCachedLocations = null
    primedSTSHeader = "NoValue"
    enablemultireadofpostdata = false
    requestEncoding = null
    responseEncoding = null
    NULLSERVLETNAME = "com.ibm.ws.webcontainer.NullServletName"
    skipEncodedCharVerification = false
    _id = "WebAppGeneratedId7"
    _attributes = null
    serialVersionUID = 7511545662945734886
    $$$tc$$$ = class com.ibm.websphere.ras.TraceComponent@5a3666b7
      strings[0] = "TraceComponent[com.ibm.ws.container.BaseConfiguration,class com.ibm.ws.container.BaseConfiguration,[],null,null]"
  _isServlet23OrHigher = false
  jspComponentMetaData = null
  sessionCookieNameInUse = null
  mBeanServiceReg = null
  hasHAM = null
  tc = class com.ibm.websphere.ras.TraceComponent@3f2df8a7
    strings[0] = "TraceComponent[com.ibm.ws.runtime.metadata.MetaDataImpl,class com.ibm.ws.runtime.metadata.MetaDataImpl,[Runtime],null,null]"
  NUM_STATIC_SLOTS = 4
  ID_UNINITIALIZED = -1
  id = -1
  metaDataInterface = class java.lang.Class@11b62576
    ANNOTATION = "/* Could not access ANNOTATION */"
    ENUM = "/* Could not access ENUM */"
    SYNTHETIC = "/* Could not access SYNTHETIC */"
    cachedConstructor = "/* Could not access cachedConstructor */"
    name = "/* Could not access name */"
    module = "/* Could not access module */"
    packageName = "/* Could not access packageName */"
    componentType = "/* Could not access componentType */"
    allPermDomain = "/* Could not access allPermDomain */"
    reflectionData = "/* Could not access reflectionData */"
    classRedefinedCount = "/* Could not access classRedefinedCount */"
    genericInfo = "/* Could not access genericInfo */"
    EMPTY_CLASS_ARRAY = "/* Could not access EMPTY_CLASS_ARRAY */"
    serialVersionUID = "/* Could not access serialVersionUID */"
    serialPersistentFields = "/* Could not access serialPersistentFields */"
    reflectionFactory = "/* Could not access reflectionFactory */"
    enumConstants = "/* Could not access enumConstants */"
    enumConstantDirectory = "/* Could not access enumConstantDirectory */"
    annotationData = "/* Could not access annotationData */"
    annotationType = "/* Could not access annotationType */"
    classValueMap = "/* Could not access classValueMap */"
  staticSlots = class java.lang.Object[4]
    Object[0] = class com.ibm.ws.jaxrs20.metadata.JaxRsModuleMetaData@6be2af28
      tc = class com.ibm.websphere.ras.TraceComponent@4a3369d7
      serverMetaData = null
      name = null
      appContextClassLoader = class com.ibm.ws.classloading.internal.ThreadContextClassLoader@370fc8d6
      j2EEName = class com.ibm.ws.container.service.metadata.internal.J2EENameImpl@29c9690f
      moduleContainer = class com.ibm.ws.adaptable.module.internal.AdaptableContainerImpl@3065bfa1
      moduleInfo = class com.ibm.ws.app.manager.module.internal.WebModuleInfoImpl@615fbf06
      managedAppRef = null
      jaxrsModuleSlot = class com.ibm.ws.runtime.metadata.MetaDataSlotImpl@4dc8a2a3
      enclosingModuleMetaDatas = class java.util.ArrayList@46d38225
      serialVersionUID = -7464020320882459427
    Object[1] = class com.ibm.ws.injectionengine.osgi.internal.OSGiInjectionScopeData@6497c473
      tc = class com.ibm.websphere.ras.TraceComponent@54fe22f4
      namespace = class com.ibm.ws.container.service.naming.NamingConstants$JavaColonNamespace@337a2c5c
      parent = class com.ibm.ws.injectionengine.osgi.internal.OSGiInjectionScopeData@224c93af
      compLock = null
      compEnvBindings = null
      compBindings = null
      contributedBindings = null
      nonCompEnvLock = class java.util.concurrent.locks.ReentrantReadWriteLock@2a041a95
      nonCompBindings = null
      savedNonCompEnvBindings = null
      deferredReferenceDataEnabled = false
      deferredReferenceDatas = class java.util.LinkedHashMap@7b78c456
      deferredReferenceDatasFuture = class java.util.concurrent.CompletableFuture@19820fa9
      serialVersionUID = -152610868589388306
      CLASS_NAME = "com.ibm.ws.injectionengine.InjectionScopeData"
      tc = class com.ibm.websphere.ras.TraceComponent@49fd573b
      ivJ2EEName = class com.ibm.ws.container.service.metadata.internal.J2EENameImpl@29c9690f
      ivLogicalAppName = null
      ivDestroyed = false
      ivInjectableEnvEntries = null
      ivDefinitionReferences = null
      ivReferenceContext = class com.ibm.ws.injectionengine.osgi.internal.OSGiReferenceContextImpl@66793fa6
    Object[2] = null
    Object[3] = null
  dynamicSlots = null

Dump of objectArray[1]
Object type = com.ibm.ws.adaptable.module.internal.AdaptableContainerImpl
  root = class com.ibm.ws.adaptable.module.internal.AdaptableContainerImpl@3065bfa1
  rootOverlay = class com.ibm.ws.artifact.overlay.internal.DirectoryBasedOverlayContainerImpl@4df2ef68
    tc = class com.ibm.websphere.ras.TraceComponent@565cfc02
      strings[0] = "TraceComponent[com.ibm.ws.artifact.overlay.internal.DirectoryBasedOverlayContainerImpl,class com.ibm.ws.artifact.overlay.internal.DirectoryBasedOverlayContainerImpl,[archive.overlay],com.ibm.ws.artifact.overlay.internal.resources.ArtifactOverlayMessages,null]"
    base = class com.ibm.ws.artifact.loose.internal.LooseArchive@4243773b
      cacheDir = class java.io.File@3a1dc8fb
      xmlFile = class java.io.File@515e3356
      parent = null
      cfh = class com.ibm.ws.artifact.loose.internal.LooseContainerFactoryHelper@258da18d
      pathInParent = null
      _entries = class java.util.ArrayList@149e9e1e
      tc = class com.ibm.websphere.ras.TraceComponent@415104f2
      artifactNotifier = class com.ibm.ws.artifact.loose.internal.LooseArtifactNotifier@4010c666
      serialVersionUID = 345486831272892625
    maskSet = class java.util.HashSet@18549c76
      serialVersionUID = "/* Could not access serialVersionUID */"
      map = "/* Could not access map */"
      PRESENT = "/* Could not access PRESENT */"
    cfHolder = class com.ibm.ws.artifact.overlay.internal.OverlayContainerFactoryImpl@354ec6de
      containerFactory = class com.ibm.ws.artifact.internal.ArtifactContainerFactoryService@2de4ecf7
      registeredContainers = class com.ibm.ws.artifact.overlay.internal.DirectoryBasedOverlayContainerRegistry@5872aa57
      serialVersionUID = -6737526700663704564
      $$$tc$$$ = class com.ibm.websphere.ras.TraceComponent@550a6eb3
    fileOverlayContainer = class com.ibm.ws.artifact.file.internal.FileContainer@31d7e9e
      containerFactoryHolder = class com.ibm.ws.artifact.file.internal.FileContainerFactory@b75865b
      parent = null
      thisInParent = null
      dir = class java.io.File@5a3e2b69
      cacheDir = class java.io.File@6635ab74
      isRoot = true
      root = class com.ibm.ws.artifact.file.internal.FileContainer@31d7e9e
      artifactNotifier = class com.ibm.ws.artifact.file.FileArtifactNotifier@16575a83
      serialVersionUID = 556130772302156267
      $$$tc$$$ = class com.ibm.websphere.ras.TraceComponent@4ca7f2f9
    overlayDirectory = class java.io.File@5a3e2b69
      FS = "/* Could not access FS */"
      path = "/* Could not access path */"
      status = "/* Could not access status */"
      prefixLength = "/* Could not access prefixLength */"
      separatorChar = /
      separator = "/"
      pathSeparatorChar = :
      pathSeparator = ":"
      UNSAFE = "/* Could not access UNSAFE */"
      PATH_OFFSET = "/* Could not access PATH_OFFSET */"
      PREFIX_LENGTH_OFFSET = "/* Could not access PREFIX_LENGTH_OFFSET */"
      serialVersionUID = "/* Could not access serialVersionUID */"
      filePath = "/* Could not access filePath */"
      $assertionsDisabled = "/* Could not access $assertionsDisabled */"
    cacheDirForOverlay = class java.io.File@6635ab74
      FS = "/* Could not access FS */"
      path = "/* Could not access path */"
      status = "/* Could not access status */"
      prefixLength = "/* Could not access prefixLength */"
      separatorChar = /
      separator = "/"
      pathSeparatorChar = :
      pathSeparator = ":"
      UNSAFE = "/* Could not access UNSAFE */"
      PATH_OFFSET = "/* Could not access PATH_OFFSET */"
      PREFIX_LENGTH_OFFSET = "/* Could not access PREFIX_LENGTH_OFFSET */"
      serialVersionUID = "/* Could not access serialVersionUID */"
      filePath = "/* Could not access filePath */"
      $assertionsDisabled = "/* Could not access $assertionsDisabled */"
    overlayNotifier = class com.ibm.ws.artifact.overlay.internal.DirectoryBasedOverlayNotifier@25410ecc
    enclosingContainer = null
    entryInEnclosingContainer = null
    nestedOverlays = class java.util.concurrent.ConcurrentHashMap@250ee95a
      serialVersionUID = "/* Could not access serialVersionUID */"
      MAXIMUM_CAPACITY = "/* Could not access MAXIMUM_CAPACITY */"
      DEFAULT_CAPACITY = "/* Could not access DEFAULT_CAPACITY */"
      MAX_ARRAY_SIZE = "/* Could not access MAX_ARRAY_SIZE */"
      DEFAULT_CONCURRENCY_LEVEL = "/* Could not access DEFAULT_CONCURRENCY_LEVEL */"
      LOAD_FACTOR = "/* Could not access LOAD_FACTOR */"
      TREEIFY_THRESHOLD = "/* Could not access TREEIFY_THRESHOLD */"
      UNTREEIFY_THRESHOLD = "/* Could not access UNTREEIFY_THRESHOLD */"
      MIN_TREEIFY_CAPACITY = "/* Could not access MIN_TREEIFY_CAPACITY */"
      MIN_TRANSFER_STRIDE = "/* Could not access MIN_TRANSFER_STRIDE */"
      RESIZE_STAMP_BITS = "/* Could not access RESIZE_STAMP_BITS */"
      MAX_RESIZERS = "/* Could not access MAX_RESIZERS */"
      RESIZE_STAMP_SHIFT = "/* Could not access RESIZE_STAMP_SHIFT */"
      MOVED = "/* Could not access MOVED */"
      TREEBIN = "/* Could not access TREEBIN */"
      RESERVED = "/* Could not access RESERVED */"
      HASH_BITS = "/* Could not access HASH_BITS */"
      NCPU = "/* Could not access NCPU */"
      serialPersistentFields = "/* Could not access serialPersistentFields */"
      table = "/* Could not access table */"
      nextTable = "/* Could not access nextTable */"
      baseCount = "/* Could not access baseCount */"
      sizeCtl = "/* Could not access sizeCtl */"
      transferIndex = "/* Could not access transferIndex */"
      cellsBusy = "/* Could not access cellsBusy */"
      counterCells = "/* Could not access counterCells */"
      keySet = "/* Could not access keySet */"
      values = "/* Could not access values */"
      entrySet = "/* Could not access entrySet */"
      U = "/* Could not access U */"
      SIZECTL = "/* Could not access SIZECTL */"
      TRANSFERINDEX = "/* Could not access TRANSFERINDEX */"
      BASECOUNT = "/* Could not access BASECOUNT */"
      CELLSBUSY = "/* Could not access CELLSBUSY */"
      CELLVALUE = "/* Could not access CELLVALUE */"
      ABASE = "/* Could not access ABASE */"
      ASHIFT = "/* Could not access ASHIFT */"
      keySet = "/* Could not access keySet */"
      values = "/* Could not access values */"
    cacheStore = class com.ibm.ws.artifact.overlay.internal.OverlayCache@4d0f8aeb
      cache = class java.util.HashMap@2c411f54
      serialVersionUID = 4443220618296337968
      $$$tc$$$ = class com.ibm.websphere.ras.TraceComponent@4737f701
    parentOverlay = null
    isPassThroughMode = true
    serialVersionUID = -8445278173803874173
  factoryHolder = class com.ibm.ws.adaptable.module.internal.AdaptableModuleFactoryImpl@34c1fedf
    adapterFactoryService = class com.ibm.ws.adaptable.module.internal.AdapterFactoryServiceImpl@66419540
      toType = "toType"
      priv = class com.ibm.ws.kernel.service.util.SecureAction@4e1b11ef
      containerHelperMap = class com.ibm.wsspi.kernel.service.utils.ConcurrentServiceReferenceSetMap@241a76f9
      entryHelperMap = class com.ibm.wsspi.kernel.service.utils.ConcurrentServiceReferenceSetMap@2e93a5d9
      containerToTypes = class java.util.Collections$SynchronizedSet@452b27f7
      entryToTypes = class java.util.Collections$SynchronizedSet@53a9c2d4
      baseProperties = class org.apache.felix.scr.impl.helper.ReadOnlyDictionary@24f3cbe6
      registration = class com.ibm.ws.kernel.service.util.ServiceRegistrationModifier@17fd1fcc
      serialVersionUID = 292472261820243508
      $$$tc$$$ = class com.ibm.websphere.ras.TraceComponent@7193d149
    containerFactory = class com.ibm.ws.artifact.internal.ArtifactContainerFactoryService@2de4ecf7
      CATEGORY_PROP_NAME = "category"
      ENTRY_KEY = "com.ibm.wsspi.artifact.ArtifactEntry"
      helperMap = class com.ibm.wsspi.kernel.service.utils.ConcurrentServiceReferenceSetMap@7cedb5b2
      contributorMap = class com.ibm.wsspi.kernel.service.utils.ConcurrentServiceReferenceSetMap@445bba5e
      helperCategoryMap = class com.ibm.wsspi.kernel.service.utils.ConcurrentServiceReferenceSetMap@5b31dac5
      contributorCategoryMap = class com.ibm.wsspi.kernel.service.utils.ConcurrentServiceReferenceSetMap@165ce3e6
      categories = class java.util.Collections$SynchronizedSet@78d84ba
      baseProperties = class org.apache.felix.scr.impl.helper.ReadOnlyDictionary@1e9d575f
      registration = class com.ibm.ws.kernel.service.util.ServiceRegistrationModifier@4baf41bb
      serialVersionUID = 6566424214406946230
      $$$tc$$$ = class com.ibm.websphere.ras.TraceComponent@722de826
    overlayContainerFactory = class com.ibm.ws.artifact.overlay.internal.OverlayContainerFactoryImpl@354ec6de
    serialVersionUID = 4200251809856292987
    $$$tc$$$ = class com.ibm.websphere.ras.TraceComponent@4acf4883
      strings[0] = "TraceComponent[com.ibm.ws.adaptable.module.internal.AdaptableModuleFactoryImpl,class com.ibm.ws.adaptable.module.internal.AdaptableModuleFactoryImpl,[archive.adaptable],null,null]"
  delegate = class com.ibm.ws.artifact.overlay.internal.DirectoryBasedOverlayContainerImpl@4df2ef68
  notifier = class com.ibm.ws.adaptable.module.internal.NotifierImpl@2b778554
    root = class com.ibm.ws.adaptable.module.internal.AdaptableContainerImpl@3065bfa1
    delegateNotifier = class com.ibm.ws.artifact.overlay.internal.DirectoryBasedOverlayNotifier@25410ecc
      root = class com.ibm.ws.artifact.overlay.internal.DirectoryBasedOverlayContainerImpl@4df2ef68
      overlayContainer = class com.ibm.ws.artifact.file.internal.FileContainer@31d7e9e
      overlaidContainer = class com.ibm.ws.artifact.loose.internal.LooseArchive@4243773b
      listeningToContainers = true
      listeners = class java.util.concurrent.ConcurrentHashMap@533d666f
      pathsMonitored = class java.util.HashSet@74dd750d
      parentNotifier = null
      pathOfEntryInParent = null
      id = null
      serialVersionUID = -5716655730663296309
      $$$tc$$$ = class com.ibm.websphere.ras.TraceComponent@5eee3c3a
    delegateRoot = class com.ibm.ws.artifact.overlay.internal.DirectoryBasedOverlayContainerImpl@4df2ef68
    listenerDelegates = class java.util.HashMap@543c4b32
      serialVersionUID = "/* Could not access serialVersionUID */"
      DEFAULT_INITIAL_CAPACITY = "/* Could not access DEFAULT_INITIAL_CAPACITY */"
      MAXIMUM_CAPACITY = "/* Could not access MAXIMUM_CAPACITY */"
      DEFAULT_LOAD_FACTOR = "/* Could not access DEFAULT_LOAD_FACTOR */"
      TREEIFY_THRESHOLD = "/* Could not access TREEIFY_THRESHOLD */"
      UNTREEIFY_THRESHOLD = "/* Could not access UNTREEIFY_THRESHOLD */"
      MIN_TREEIFY_CAPACITY = "/* Could not access MIN_TREEIFY_CAPACITY */"
      table = "/* Could not access table */"
      entrySet = "/* Could not access entrySet */"
      size = "/* Could not access size */"
      modCount = "/* Could not access modCount */"
      threshold = "/* Could not access threshold */"
      loadFactor = "/* Could not access loadFactor */"
      keySet = "/* Could not access keySet */"
      values = "/* Could not access values */"
    serialVersionUID = 6839382523957017880
    $$$tc$$$ = class com.ibm.websphere.ras.TraceComponent@5782ba8c
      strings[0] = "TraceComponent[com.ibm.ws.adaptable.module.internal.NotifierImpl,class com.ibm.ws.adaptable.module.internal.NotifierImpl,[archive.adaptable],null,null]"
  serialVersionUID = -5950528200509051684
  $$$tc$$$ = class com.ibm.websphere.ras.TraceComponent@20c741ae
    strings[0] = "TraceComponent[com.ibm.ws.adaptable.module.internal.AdaptableContainerImpl,class com.ibm.ws.adaptable.module.internal.AdaptableContainerImpl,[archive.adaptable],null,null]"

Dump of objectArray[2]
Object type = com.ibm.ws.jaxrs20.metadata.JaxRsModuleInfo
  serialVersionUID = -8116043459266953308
  moduleType = class com.ibm.ws.jaxrs20.metadata.JaxRsModuleType@4904cc84
    WEB = class com.ibm.ws.jaxrs20.metadata.JaxRsModuleType@4904cc84
    EJB = class com.ibm.ws.jaxrs20.metadata.JaxRsModuleType@6ed90d75
      WEB = class com.ibm.ws.jaxrs20.metadata.JaxRsModuleType@4904cc84
      EJB = class com.ibm.ws.jaxrs20.metadata.JaxRsModuleType@6ed90d75
      $VALUES = class com.ibm.ws.jaxrs20.metadata.JaxRsModuleType[2]
      name = "/* Could not access name */"
      ordinal = "/* Could not access ordinal */"
      hash = "/* Could not access hash */"
    $VALUES = class com.ibm.ws.jaxrs20.metadata.JaxRsModuleType[2]
      JaxRsModuleType[0] = class com.ibm.ws.jaxrs20.metadata.JaxRsModuleType@4904cc84
      JaxRsModuleType[1] = class com.ibm.ws.jaxrs20.metadata.JaxRsModuleType@6ed90d75
    name = "/* Could not access name */"
    ordinal = "/* Could not access ordinal */"
    hash = "/* Could not access hash */"
  endpointInfoMap = class java.util.HashMap@39608650
    serialVersionUID = "/* Could not access serialVersionUID */"
    DEFAULT_INITIAL_CAPACITY = "/* Could not access DEFAULT_INITIAL_CAPACITY */"
    MAXIMUM_CAPACITY = "/* Could not access MAXIMUM_CAPACITY */"
    DEFAULT_LOAD_FACTOR = "/* Could not access DEFAULT_LOAD_FACTOR */"
    TREEIFY_THRESHOLD = "/* Could not access TREEIFY_THRESHOLD */"
    UNTREEIFY_THRESHOLD = "/* Could not access UNTREEIFY_THRESHOLD */"
    MIN_TREEIFY_CAPACITY = "/* Could not access MIN_TREEIFY_CAPACITY */"
    table = "/* Could not access table */"
    entrySet = "/* Could not access entrySet */"
    size = "/* Could not access size */"
    modCount = "/* Could not access modCount */"
    threshold = "/* Could not access threshold */"
    loadFactor = "/* Could not access loadFactor */"
    keySet = "/* Could not access keySet */"
    values = "/* Could not access values */"
  isShareEJBJarWithJAXWS = false
  $$$tc$$$ = class com.ibm.websphere.ras.TraceComponent@7538c807
    strings[0] = "TraceComponent[com.ibm.ws.jaxrs20.metadata.JaxRsModuleInfo,class com.ibm.ws.jaxrs20.metadata.JaxRsModuleInfo,[],null,null]"

